Determining if the pthread_create exist failed with the following output:
Change Dir: /home/ty/Physim/bounding-mesh-0.2/build/CMakeFiles/CMakeTmp

Run Build Command:"/usr/bin/make" "cmTC_3277a/fast"
/usr/bin/make -f CMakeFiles/cmTC_3277a.dir/build.make CMakeFiles/cmTC_3277a.dir/build
make[1]: Entering directory '/home/ty/Physim/bounding-mesh-0.2/build/CMakeFiles/CMakeTmp'
Building C object CMakeFiles/cmTC_3277a.dir/CheckSymbolExists.c.o
/usr/bin/cc    -o CMakeFiles/cmTC_3277a.dir/CheckSymbolExists.c.o   -c /home/ty/Physim/bounding-mesh-0.2/build/CMakeFiles/CMakeTmp/CheckSymbolExists.c
Linking C executable cmTC_3277a
/usr/bin/cmake -E cmake_link_script CMakeFiles/cmTC_3277a.dir/link.txt --verbose=1
/usr/bin/cc      -rdynamic CMakeFiles/cmTC_3277a.dir/CheckSymbolExists.c.o  -o cmTC_3277a 
CMakeFiles/cmTC_3277a.dir/CheckSymbolExists.c.o: In function `main':
CheckSymbolExists.c:(.text+0x1b): undefined reference to `pthread_create'
collect2: error: ld returned 1 exit status
CMakeFiles/cmTC_3277a.dir/build.make:97: recipe for target 'cmTC_3277a' failed
make[1]: *** [cmTC_3277a] Error 1
make[1]: Leaving directory '/home/ty/Physim/bounding-mesh-0.2/build/CMakeFiles/CMakeTmp'
Makefile:126: recipe for target 'cmTC_3277a/fast' failed
make: *** [cmTC_3277a/fast] Error 2

File /home/ty/Physim/bounding-mesh-0.2/build/CMakeFiles/CMakeTmp/CheckSymbolExists.c:
/* */
#include <pthread.h>

int main(int argc, char** argv)
{
  (void)argv;
#ifndef pthread_create
  return ((int*)(&pthread_create))[argc];
#else
  (void)argc;
  return 0;
#endif
}

Determining if the function pthread_create exists in the pthreads failed with the following output:
Change Dir: /home/ty/Physim/bounding-mesh-0.2/build/CMakeFiles/CMakeTmp

Run Build Command:"/usr/bin/make" "cmTC_22214/fast"
/usr/bin/make -f CMakeFiles/cmTC_22214.dir/build.make CMakeFiles/cmTC_22214.dir/build
make[1]: Entering directory '/home/ty/Physim/bounding-mesh-0.2/build/CMakeFiles/CMakeTmp'
Building C object CMakeFiles/cmTC_22214.dir/CheckFunctionExists.c.o
/usr/bin/cc   -DCHECK_FUNCTION_EXISTS=pthread_create   -o CMakeFiles/cmTC_22214.dir/CheckFunctionExists.c.o   -c /usr/share/cmake-3.9/Modules/CheckFunctionExists.c
Linking C executable cmTC_22214
/usr/bin/cmake -E cmake_link_script CMakeFiles/cmTC_22214.dir/link.txt --verbose=1
/usr/bin/cc  -DCHECK_FUNCTION_EXISTS=pthread_create    -rdynamic CMakeFiles/cmTC_22214.dir/CheckFunctionExists.c.o  -o cmTC_22214 -lpthreads 
/usr/bin/ld: cannot find -lpthreads
collect2: error: ld returned 1 exit status
CMakeFiles/cmTC_22214.dir/build.make:97: recipe for target 'cmTC_22214' failed
make[1]: *** [cmTC_22214] Error 1
make[1]: Leaving directory '/home/ty/Physim/bounding-mesh-0.2/build/CMakeFiles/CMakeTmp'
Makefile:126: recipe for target 'cmTC_22214/fast' failed
make: *** [cmTC_22214/fast] Error 2


