Determining if the pthread_create exist failed with the following output:
Change Dir: /u/tytrusty/Desktop/Do-we-have-to-send-him-this-/build/CMakeFiles/CMakeTmp

Run Build Command:"/usr/bin/make" "cmTC_bb449/fast"
/usr/bin/make -f CMakeFiles/cmTC_bb449.dir/build.make CMakeFiles/cmTC_bb449.dir/build
make[1]: Entering directory '/v/filer5b/v38q001/tytrusty/Desktop/Do-we-have-to-send-him-this-/build/CMakeFiles/CMakeTmp'
Building C object CMakeFiles/cmTC_bb449.dir/CheckSymbolExists.c.o
/usr/bin/cc     -o CMakeFiles/cmTC_bb449.dir/CheckSymbolExists.c.o   -c /u/tytrusty/Desktop/Do-we-have-to-send-him-this-/build/CMakeFiles/CMakeTmp/CheckSymbolExists.c
Linking C executable cmTC_bb449
/usr/bin/cmake -E cmake_link_script CMakeFiles/cmTC_bb449.dir/link.txt --verbose=1
/usr/bin/cc       CMakeFiles/cmTC_bb449.dir/CheckSymbolExists.c.o  -o cmTC_bb449 -rdynamic 
CMakeFiles/cmTC_bb449.dir/CheckSymbolExists.c.o: In function `main':
CheckSymbolExists.c:(.text+0x16): undefined reference to `pthread_create'
collect2: error: ld returned 1 exit status
CMakeFiles/cmTC_bb449.dir/build.make:97: recipe for target 'cmTC_bb449' failed
make[1]: *** [cmTC_bb449] Error 1
make[1]: Leaving directory '/v/filer5b/v38q001/tytrusty/Desktop/Do-we-have-to-send-him-this-/build/CMakeFiles/CMakeTmp'
Makefile:126: recipe for target 'cmTC_bb449/fast' failed
make: *** [cmTC_bb449/fast] Error 2

File /u/tytrusty/Desktop/Do-we-have-to-send-him-this-/build/CMakeFiles/CMakeTmp/CheckSymbolExists.c:
/* */
#include <pthread.h>

int main(int argc, char** argv)
{
  (void)argv;
#ifndef pthread_create
  return ((int*)(&pthread_create))[argc];
#else
  (void)argc;
  return 0;
#endif
}

Determining if the function pthread_create exists in the pthreads failed with the following output:
Change Dir: /u/tytrusty/Desktop/Do-we-have-to-send-him-this-/build/CMakeFiles/CMakeTmp

Run Build Command:"/usr/bin/make" "cmTC_cfa0d/fast"
/usr/bin/make -f CMakeFiles/cmTC_cfa0d.dir/build.make CMakeFiles/cmTC_cfa0d.dir/build
make[1]: Entering directory '/v/filer5b/v38q001/tytrusty/Desktop/Do-we-have-to-send-him-this-/build/CMakeFiles/CMakeTmp'
Building C object CMakeFiles/cmTC_cfa0d.dir/CheckFunctionExists.c.o
/usr/bin/cc    -DCHECK_FUNCTION_EXISTS=pthread_create   -o CMakeFiles/cmTC_cfa0d.dir/CheckFunctionExists.c.o   -c /usr/share/cmake-3.5/Modules/CheckFunctionExists.c
Linking C executable cmTC_cfa0d
/usr/bin/cmake -E cmake_link_script CMakeFiles/cmTC_cfa0d.dir/link.txt --verbose=1
/usr/bin/cc   -DCHECK_FUNCTION_EXISTS=pthread_create    CMakeFiles/cmTC_cfa0d.dir/CheckFunctionExists.c.o  -o cmTC_cfa0d -rdynamic -lpthreads 
/usr/bin/ld: cannot find -lpthreads
collect2: error: ld returned 1 exit status
CMakeFiles/cmTC_cfa0d.dir/build.make:97: recipe for target 'cmTC_cfa0d' failed
make[1]: *** [cmTC_cfa0d] Error 1
make[1]: Leaving directory '/v/filer5b/v38q001/tytrusty/Desktop/Do-we-have-to-send-him-this-/build/CMakeFiles/CMakeTmp'
Makefile:126: recipe for target 'cmTC_cfa0d/fast' failed
make: *** [cmTC_cfa0d/fast] Error 2


